<?xml version="1.0" encoding="utf-8"?><testsuites name="pytest tests"><testsuite name="pytest" errors="0" failures="0" skipped="0" tests="14" time="2.101" timestamp="2026-03-15T14:20:43.770435+00:00" hostname="agent-env-347dd18e-75a1-4d17-b3fb-e43748bbb18c"><testcase classname="backend.tests.test_cpc_final_cleanup.TestCPCFinalCleanup" name="test_rm_shortage_report_endpoint_exists" time="0.182" /><testcase classname="backend.tests.test_cpc_final_cleanup.TestCPCFinalCleanup" name="test_rm_shortage_report_with_branch_filter" time="0.197" /><testcase classname="backend.tests.test_cpc_final_cleanup.TestCPCFinalCleanup" name="test_unassigned_schedules_endpoint" time="0.115" /><testcase classname="backend.tests.test_cpc_final_cleanup.TestCPCFinalCleanup" name="test_schedule_from_forecast_requires_branch" time="0.155" /><testcase classname="backend.tests.test_cpc_final_cleanup.TestCPCFinalCleanup" name="test_schedule_from_forecast_null_branch_rejected" time="0.171" /><testcase classname="backend.tests.test_cpc_final_cleanup.TestCPCFinalCleanup" name="test_schedules_with_branch_have_scheduled_status" time="0.104" /><testcase classname="backend.tests.test_cpc_final_cleanup.TestCPCFinalCleanup" name="test_all_schedules_have_branch" time="0.241" /><testcase classname="backend.tests.test_cpc_final_cleanup.TestCPCFinalCleanup" name="test_branch_schedules_endpoint" time="0.117" /><testcase classname="backend.tests.test_cpc_final_cleanup.TestCPCFinalCleanup" name="test_fix_draft_schedules_endpoint" time="0.119" /><testcase classname="backend.tests.test_cpc_final_cleanup.TestCPCFinalCleanup" name="test_cleanup_unassigned_schedules_endpoint" time="0.117" /><testcase classname="backend.tests.test_cpc_final_cleanup.TestCPCFinalCleanup" name="test_demand_forecasts_endpoint" time="0.103" /><testcase classname="backend.tests.test_cpc_final_cleanup.TestCPCFinalCleanup" name="test_demand_forecasts_summary" time="0.104" /><testcase classname="backend.tests.test_cpc_final_cleanup.TestProductionPlanningRouteRemoved" name="test_production_planning_route_not_accessible" time="0.109" /><testcase classname="backend.tests.test_cpc_final_cleanup.TestScheduleCreationWithBranch" name="test_schedule_from_forecast_with_valid_branch" time="0.201" /></testsuite></testsuites>