<?xml version="1.0" encoding="utf-8"?><testsuites name="pytest tests"><testsuite name="pytest" errors="0" failures="0" skipped="0" tests="15" time="3.949" timestamp="2026-04-06T09:58:50.690326+00:00" hostname="agent-env-0a6a28be-88d0-4644-a695-e9956a767fed"><testcase classname="tests.test_production_plan_upload.TestProductionPlanUpload" name="test_01_get_valid_test_data" time="0.591" /><testcase classname="tests.test_production_plan_upload.TestProductionPlanUpload" name="test_02_download_template" time="0.168" /><testcase classname="tests.test_production_plan_upload.TestProductionPlanUpload" name="test_03_upload_invalid_file_format" time="0.206" /><testcase classname="tests.test_production_plan_upload.TestProductionPlanUpload" name="test_04_upload_missing_columns" time="0.206" /><testcase classname="tests.test_production_plan_upload.TestProductionPlanUpload" name="test_05_upload_with_invalid_branch" time="0.220" /><testcase classname="tests.test_production_plan_upload.TestProductionPlanUpload" name="test_06_upload_with_invalid_sku" time="0.225" /><testcase classname="tests.test_production_plan_upload.TestProductionPlanUpload" name="test_07_check_mode_returns_warning_on_conflict" time="0.342" /><testcase classname="tests.test_production_plan_upload.TestProductionPlanUpload" name="test_08_add_mode_allocates_within_remaining_capacity" time="0.218" /><testcase classname="tests.test_production_plan_upload.TestProductionPlanUpload" name="test_09_override_mode_clears_existing_schedules" time="0.334" /><testcase classname="tests.test_production_plan_upload.TestProductionPlanUpload" name="test_10_fifo_allocation_first_rows_get_priority" time="0.212" /><testcase classname="tests.test_production_plan_upload.TestProductionPlanUpload" name="test_11_partial_allocation_shows_correct_counts" time="0.219" /><testcase classname="tests.test_production_plan_upload.TestProductionPlanUpload" name="test_12_excel_result_has_required_columns" time="0.228" /><testcase classname="tests.test_production_plan_upload.TestProductionPlanUpload" name="test_13_schedule_code_generated_for_successful_rows" time="0.213" /><testcase classname="tests.test_production_plan_upload.TestBranchCapacity" name="test_get_branch_capacities" time="0.181" /><testcase classname="tests.test_production_plan_upload.TestBranchCapacity" name="test_get_available_capacity" time="0.169" /></testsuite></testsuites>