<?xml version="1.0" encoding="utf-8"?><testsuites name="pytest tests"><testsuite name="pytest" errors="0" failures="0" skipped="0" tests="19" time="5.045" timestamp="2026-04-03T17:30:57.434745+00:00" hostname="agent-env-0a6a28be-88d0-4644-a695-e9956a767fed"><testcase classname="backend.tests.test_rm_inward_bills.TestRMInwardBillsAPI" name="test_finance_user_login" time="1.264" /><testcase classname="backend.tests.test_rm_inward_bills.TestRMInwardBillsAPI" name="test_admin_user_login" time="0.119" /><testcase classname="backend.tests.test_rm_inward_bills.TestRMInwardBillsAPI" name="test_get_vendors" time="0.185" /><testcase classname="backend.tests.test_rm_inward_bills.TestRMInwardBillsAPI" name="test_vendor_has_required_fields" time="0.180" /><testcase classname="backend.tests.test_rm_inward_bills.TestRMInwardBillsAPI" name="test_get_branches" time="0.158" /><testcase classname="backend.tests.test_rm_inward_bills.TestRMInwardBillsAPI" name="test_get_raw_materials" time="0.372" /><testcase classname="backend.tests.test_rm_inward_bills.TestRMInwardBillsAPI" name="test_test_rm_exists" time="0.374" /><testcase classname="backend.tests.test_rm_inward_bills.TestRMInwardBillsAPI" name="test_get_rm_inward_bills" time="0.158" /><testcase classname="backend.tests.test_rm_inward_bills.TestRMInwardBillsAPI" name="test_get_rm_inward_bills_with_branch_filter" time="0.188" /><testcase classname="backend.tests.test_rm_inward_bills.TestRMInwardBillsAPI" name="test_create_rm_inward_bill_single_line_item" time="0.181" /><testcase classname="backend.tests.test_rm_inward_bills.TestRMInwardBillsAPI" name="test_create_rm_inward_bill_multiple_line_items" time="0.169" /><testcase classname="backend.tests.test_rm_inward_bills.TestRMInwardBillsAPI" name="test_create_bill_with_discount_percentage" time="0.194" /><testcase classname="backend.tests.test_rm_inward_bills.TestRMInwardBillsAPI" name="test_create_bill_with_tds" time="0.160" /><testcase classname="backend.tests.test_rm_inward_bills.TestRMInwardBillsAPI" name="test_create_bill_invalid_rm_returns_404" time="0.182" /><testcase classname="backend.tests.test_rm_inward_bills.TestRMInwardBillsAPI" name="test_get_purchase_entries" time="0.166" /><testcase classname="backend.tests.test_rm_inward_bills.TestRMInwardBillsAPI" name="test_purchase_entries_created_from_bill" time="0.304" /><testcase classname="backend.tests.test_rm_inward_bills.TestRMInwardBillsAPI" name="test_bill_contains_all_required_fields" time="0.194" /><testcase classname="backend.tests.test_rm_inward_bills.TestRMInwardBillsAPI" name="test_bill_line_items_structure" time="0.186" /><testcase classname="backend.tests.test_rm_inward_bills.TestRMInwardBillsAPI" name="test_bill_totals_structure" time="0.178" /></testsuite></testsuites>