<?xml version="1.0" encoding="utf-8"?><testsuites name="pytest tests"><testsuite name="pytest" errors="0" failures="0" skipped="0" tests="23" time="6.817" timestamp="2026-03-07T10:10:40.415457+00:00" hostname="agent-env-3ce232f2-6c86-436e-bfbd-ad8310ce9db7"><testcase classname="backend.tests.test_vendor_rm_filters.TestVendorManagement" name="test_get_vendors_list" time="0.384" /><testcase classname="backend.tests.test_vendor_rm_filters.TestVendorManagement" name="test_vendor_id_format" time="0.160" /><testcase classname="backend.tests.test_vendor_rm_filters.TestVendorManagement" name="test_create_vendor" time="0.639" /><testcase classname="backend.tests.test_vendor_rm_filters.TestVendorManagement" name="test_get_vendor_details" time="0.219" /><testcase classname="backend.tests.test_vendor_rm_filters.TestVendorManagement" name="test_update_vendor" time="0.326" /><testcase classname="backend.tests.test_vendor_rm_filters.TestVendorManagement" name="test_delete_vendor" time="0.281" /><testcase classname="backend.tests.test_vendor_rm_filters.TestVendorManagement" name="test_vendor_search" time="0.180" /><testcase classname="backend.tests.test_vendor_rm_filters.TestVendorRMPricing" name="test_add_rm_price_to_vendor" time="0.329" /><testcase classname="backend.tests.test_vendor_rm_filters.TestVendorRMPricing" name="test_get_vendors_for_rm" time="0.368" /><testcase classname="backend.tests.test_vendor_rm_filters.TestVendorRMPricing" name="test_price_comparison_report" time="0.163" /><testcase classname="backend.tests.test_vendor_rm_filters.TestVendorRMPricing" name="test_delete_vendor_rm_price" time="0.299" /><testcase classname="backend.tests.test_vendor_rm_filters.TestRawMaterialsFilters" name="test_get_filter_options" time="0.155" /><testcase classname="backend.tests.test_vendor_rm_filters.TestRawMaterialsFilters" name="test_filtered_rm_pagination" time="0.157" /><testcase classname="backend.tests.test_vendor_rm_filters.TestRawMaterialsFilters" name="test_filter_by_category" time="0.146" /><testcase classname="backend.tests.test_vendor_rm_filters.TestRawMaterialsFilters" name="test_filter_by_type" time="0.555" /><testcase classname="backend.tests.test_vendor_rm_filters.TestRawMaterialsFilters" name="test_filter_by_model" time="0.662" /><testcase classname="backend.tests.test_vendor_rm_filters.TestRawMaterialsFilters" name="test_filter_by_colour" time="0.569" /><testcase classname="backend.tests.test_vendor_rm_filters.TestRawMaterialsFilters" name="test_filter_by_brand" time="0.203" /><testcase classname="backend.tests.test_vendor_rm_filters.TestRawMaterialsFilters" name="test_search_functionality" time="0.158" /><testcase classname="backend.tests.test_vendor_rm_filters.TestRawMaterialsFilters" name="test_combined_filters" time="0.145" /><testcase classname="backend.tests.test_vendor_rm_filters.TestRawMaterialsFilters" name="test_pagination_navigation" time="0.220" /><testcase classname="backend.tests.test_vendor_rm_filters.TestRawMaterialsFilters" name="test_filter_reset_returns_all" time="0.213" /><testcase classname="backend.tests.test_vendor_rm_filters.TestVendorBulkUpload" name="test_bulk_upload_endpoint_exists" time="0.148" /></testsuite></testsuites>