<?xml version="1.0" encoding="utf-8"?><testsuites name="pytest tests"><testsuite name="pytest" errors="0" failures="0" skipped="0" tests="11" time="1.595" timestamp="2026-04-21T17:44:48.251557+00:00" hostname="agent-env-0a6a28be-88d0-4644-a695-e9956a767fed"><testcase classname="backend.tests.test_rm_prices.TestTemplate" name="test_template_download_xlsx" time="0.297" /><testcase classname="backend.tests.test_rm_prices.TestUpload" name="test_upload_invalid_vendor_and_rm" time="0.430" /><testcase classname="backend.tests.test_rm_prices.TestUpload" name="test_upload_valid_rows_appended" time="0.068" /><testcase classname="backend.tests.test_rm_prices.TestStats" name="test_stats_shape" time="0.058" /><testcase classname="backend.tests.test_rm_prices.TestAvgPrices" name="test_avg_prices_enrichment" time="0.054" /><testcase classname="backend.tests.test_rm_prices.TestHistory" name="test_history_pagination_and_filters" time="0.165" /><testcase classname="backend.tests.test_rm_prices.TestBomCost" name="test_bom_cost_for_known_sku" time="0.060" /><testcase classname="backend.tests.test_rm_prices.TestBomCost" name="test_bom_cost_404_for_unknown" time="0.055" /><testcase classname="backend.tests.test_rm_prices.TestBomCost" name="test_bom_cost_bulk" time="0.055" /><testcase classname="backend.tests.test_rm_prices.TestMarginReport" name="test_margin_report_shape" time="0.056" /><testcase classname="backend.tests.test_rm_prices.TestMarginReport" name="test_margin_report_month_filter" time="0.051" /></testsuite></testsuites>