<?xml version="1.0" encoding="utf-8"?><testsuites name="pytest tests"><testsuite name="pytest" errors="0" failures="0" skipped="0" tests="22" time="3.323" timestamp="2026-03-26T12:20:15.136043+00:00" hostname="agent-env-0a6a28be-88d0-4644-a695-e9956a767fed"><testcase classname="backend.tests.test_bidso_clone_feature.TestBidsoSkusForClone" name="test_get_bidso_skus_for_clone_returns_list" time="0.311" /><testcase classname="backend.tests.test_bidso_clone_feature.TestBidsoSkusForClone" name="test_bidso_skus_have_bom_item_count" time="0.177" /><testcase classname="backend.tests.test_bidso_clone_feature.TestBidsoSkusForClone" name="test_bidso_skus_have_vertical_and_model" time="0.197" /><testcase classname="backend.tests.test_bidso_clone_feature.TestBidsoSkusForClone" name="test_filter_by_vertical" time="0.277" /><testcase classname="backend.tests.test_bidso_clone_feature.TestBidsoSkusForClone" name="test_search_filter" time="0.174" /><testcase classname="backend.tests.test_bidso_clone_feature.TestBomForClone" name="test_get_bom_for_clone_returns_bom" time="0.272" /><testcase classname="backend.tests.test_bidso_clone_feature.TestBomForClone" name="test_bom_items_have_edit_type" time="0.259" /><testcase classname="backend.tests.test_bidso_clone_feature.TestBomForClone" name="test_bom_for_nonexistent_sku_returns_404" time="0.048" /><testcase classname="backend.tests.test_bidso_clone_feature.TestBidsoCloneRequests" name="test_get_clone_requests_requires_auth" time="0.046" /><testcase classname="backend.tests.test_bidso_clone_feature.TestBidsoCloneRequests" name="test_get_clone_requests_with_auth" time="0.168" /><testcase classname="backend.tests.test_bidso_clone_feature.TestBidsoCloneRequests" name="test_get_pending_clone_count" time="0.065" /><testcase classname="backend.tests.test_bidso_clone_feature.TestBidsoCloneRequests" name="test_create_clone_request" time="0.253" /><testcase classname="backend.tests.test_bidso_clone_feature.TestBidsoCloneRequests" name="test_create_clone_request_requires_source_sku" time="0.045" /><testcase classname="backend.tests.test_bidso_clone_feature.TestBidsoCloneRequests" name="test_create_clone_request_requires_proposed_name" time="0.048" /><testcase classname="backend.tests.test_bidso_clone_feature.TestCloneRequestReview" name="test_get_clone_request_detail" time="0.238" /><testcase classname="backend.tests.test_bidso_clone_feature.TestCloneRequestReview" name="test_review_clone_request_invalid_action" time="0.106" /><testcase classname="backend.tests.test_bidso_clone_feature.TestMyRequestsIncludesClone" name="test_my_requests_returns_clone_requests" time="0.050" /><testcase classname="backend.tests.test_bidso_clone_feature.TestMyRequestsIncludesClone" name="test_my_requests_summary_includes_clone_counts" time="0.055" /><testcase classname="backend.tests.test_bidso_clone_feature.TestColourVariants" name="test_get_colour_variants" time="0.301" /><testcase classname="backend.tests.test_bidso_clone_feature.TestSearchRmForSwap" name="test_search_rm_for_swap" time="0.054" /><testcase classname="backend.tests.test_bidso_clone_feature.TestSearchRmForSwap" name="test_search_rm_with_model_filter" time="0.050" /><testcase classname="backend.tests.test_bidso_clone_feature.TestSearchRmForSwap" name="test_search_rm_with_search_term" time="0.048" /></testsuite></testsuites>