<?xml version="1.0" encoding="utf-8"?><testsuites name="pytest tests"><testsuite name="pytest" errors="0" failures="0" skipped="0" tests="20" time="5.120" timestamp="2026-03-14T17:32:10.946603+00:00" hostname="agent-env-9dfe0f0a-16ec-40fb-8c3e-6a04f2008599"><testcase classname="backend.tests.test_cpc_module.TestCPCDashboard" name="test_get_cpc_dashboard" time="0.177" /><testcase classname="backend.tests.test_cpc_module.TestBranchCapacity" name="test_get_branch_capacities" time="0.110" /><testcase classname="backend.tests.test_cpc_module.TestBranchCapacity" name="test_update_branch_capacity" time="0.424" /><testcase classname="backend.tests.test_cpc_module.TestBranchCapacity" name="test_update_nonexistent_branch_capacity" time="0.112" /><testcase classname="backend.tests.test_cpc_module.TestBranchCapacity" name="test_get_branch_capacity_forecast" time="0.144" /><testcase classname="backend.tests.test_cpc_module.TestBranchCapacity" name="test_get_nonexistent_branch_forecast" time="0.107" /><testcase classname="backend.tests.test_cpc_module.TestProductionSchedules" name="test_get_production_schedules" time="0.365" /><testcase classname="backend.tests.test_cpc_module.TestProductionSchedules" name="test_create_production_schedule" time="0.281" /><testcase classname="backend.tests.test_cpc_module.TestProductionSchedules" name="test_create_schedule_with_invalid_sku" time="0.299" /><testcase classname="backend.tests.test_cpc_module.TestProductionSchedules" name="test_get_production_schedule_by_id" time="0.398" /><testcase classname="backend.tests.test_cpc_module.TestProductionSchedules" name="test_filter_schedules_by_status" time="0.275" /><testcase classname="backend.tests.test_cpc_module.TestBranchAllocations" name="test_create_branch_allocation" time="0.270" /><testcase classname="backend.tests.test_cpc_module.TestBranchAllocations" name="test_create_allocation_invalid_schedule" time="0.108" /><testcase classname="backend.tests.test_cpc_module.TestAutoAllocate" name="test_auto_allocate_production" time="0.393" /><testcase classname="backend.tests.test_cpc_module.TestAutoAllocate" name="test_auto_allocate_with_preferred_branches" time="0.235" /><testcase classname="backend.tests.test_cpc_module.TestAutoAllocate" name="test_auto_allocate_invalid_schedule" time="0.115" /><testcase classname="backend.tests.test_cpc_module.TestAllocationStatusTransitions" name="test_start_production" time="0.231" /><testcase classname="backend.tests.test_cpc_module.TestAllocationStatusTransitions" name="test_start_production_invalid_allocation" time="0.161" /><testcase classname="backend.tests.test_cpc_module.TestScheduleSuggestions" name="test_get_schedule_suggestions" time="0.102" /><testcase classname="backend.tests.test_cpc_module.TestCPCIntegration" name="test_complete_cpc_workflow" time="0.595" /></testsuite></testsuites>