<?xml version="1.0" encoding="utf-8"?><testsuites name="pytest tests"><testsuite name="pytest" errors="0" failures="0" skipped="0" tests="15" time="3.765" timestamp="2026-03-07T04:25:44.848667+00:00" hostname="agent-env-c16ae011-6fba-492d-ba40-4a83854aca63"><testcase classname="backend.tests.test_factory_api.TestAuthentication" name="test_login_success" time="0.252" /><testcase classname="backend.tests.test_factory_api.TestAuthentication" name="test_login_invalid_credentials" time="0.123" /><testcase classname="backend.tests.test_factory_api.TestAuthentication" name="test_login_invalid_password" time="0.129" /><testcase classname="backend.tests.test_factory_api.TestAuthenticatedEndpoints" name="test_get_current_user" time="0.227" /><testcase classname="backend.tests.test_factory_api.TestAuthenticatedEndpoints" name="test_get_branches" time="0.271" /><testcase classname="backend.tests.test_factory_api.TestAuthenticatedEndpoints" name="test_get_rm_categories" time="0.266" /><testcase classname="backend.tests.test_factory_api.TestUserManagement" name="test_list_users" time="0.277" /><testcase classname="backend.tests.test_factory_api.TestRawMaterials" name="test_get_all_raw_materials" time="0.296" /><testcase classname="backend.tests.test_factory_api.TestRawMaterials" name="test_search_raw_materials_acc_273" time="0.219" /><testcase classname="backend.tests.test_factory_api.TestRawMaterials" name="test_get_raw_materials_by_branch" time="0.223" /><testcase classname="backend.tests.test_factory_api.TestPurchaseEntries" name="test_get_purchase_entries" time="0.225" /><testcase classname="backend.tests.test_factory_api.TestPurchaseEntries" name="test_create_purchase_entry_acc_274" time="0.333" /><testcase classname="backend.tests.test_factory_api.TestDashboard" name="test_get_dashboard_stats" time="0.225" /><testcase classname="backend.tests.test_factory_api.TestDashboard" name="test_dashboard_stats_requires_branch" time="0.243" /><testcase classname="backend.tests.test_factory_api.TestSKUs" name="test_get_all_skus" time="0.278" /></testsuite></testsuites>