<?xml version="1.0" encoding="utf-8"?><testsuites name="pytest tests"><testsuite name="pytest" errors="0" failures="0" skipped="0" tests="17" time="2.995" timestamp="2026-03-15T13:31:40.181781+00:00" hostname="agent-env-347dd18e-75a1-4d17-b3fb-e43748bbb18c"><testcase classname="backend.tests.test_cpc_restructure.TestCPCDemandForecasts" name="test_get_demand_forecasts_returns_required_columns" time="0.203" /><testcase classname="backend.tests.test_cpc_restructure.TestCPCDemandForecasts" name="test_schedule_pending_calculation" time="0.147" /><testcase classname="backend.tests.test_cpc_restructure.TestCPCDemandForecasts" name="test_is_fully_scheduled_flag" time="0.131" /><testcase classname="backend.tests.test_cpc_restructure.TestCPCDemandForecastsSummary" name="test_summary_returns_required_fields" time="0.103" /><testcase classname="backend.tests.test_cpc_restructure.TestCPCDemandForecastsSummary" name="test_summary_remaining_calculation" time="0.119" /><testcase classname="backend.tests.test_cpc_restructure.TestBranchCapacity" name="test_get_branch_capacities" time="0.115" /><testcase classname="backend.tests.test_cpc_restructure.TestBranchCapacity" name="test_daily_capacity_template_download" time="0.127" /><testcase classname="backend.tests.test_cpc_restructure.TestBranchCapacity" name="test_get_daily_capacities" time="0.104" /><testcase classname="backend.tests.test_cpc_restructure.TestBranchSchedules" name="test_get_branch_schedules" time="0.111" /><testcase classname="backend.tests.test_cpc_restructure.TestBranchSchedules" name="test_branch_schedules_with_date_filter" time="0.112" /><testcase classname="backend.tests.test_cpc_restructure.TestBranchSchedules" name="test_branch_schedules_with_branch_filter" time="0.245" /><testcase classname="backend.tests.test_cpc_restructure.TestProductionPlanTemplate" name="test_production_plan_template_download" time="0.113" /><testcase classname="backend.tests.test_cpc_restructure.TestScheduleFromForecast" name="test_schedule_from_forecast_requires_branch" time="0.459" /><testcase classname="backend.tests.test_cpc_restructure.TestForecastExport" name="test_demand_forecasts_download" time="0.116" /><testcase classname="backend.tests.test_cpc_restructure.TestSKUAssignedBranches" name="test_get_sku_assigned_branches" time="0.228" /><testcase classname="backend.tests.test_cpc_restructure.TestBranchCapacityForDate" name="test_get_branch_capacity_for_date" time="0.206" /><testcase classname="backend.tests.test_cpc_restructure.TestSummaryOnlyCountsForecastLinkedSchedules" name="test_summary_counts_forecast_linked_schedules" time="0.225" /></testsuite></testsuites>