<?xml version="1.0" encoding="utf-8"?><testsuites name="pytest tests"><testsuite name="pytest" errors="0" failures="0" skipped="0" tests="20" time="5.090" timestamp="2026-04-04T19:38:10.807672+00:00" hostname="agent-env-0a6a28be-88d0-4644-a695-e9956a767fed"><testcase classname="backend.tests.test_ibt_module.TestIBTModule" name="test_01_admin_login" time="0.302" /><testcase classname="backend.tests.test_ibt_module.TestIBTModule" name="test_02_get_ibt_transfers_list" time="0.155" /><testcase classname="backend.tests.test_ibt_module.TestIBTModule" name="test_03_get_ibt_transfers_filter_by_status" time="0.170" /><testcase classname="backend.tests.test_ibt_module.TestIBTModule" name="test_04_check_inventory_endpoint" time="0.154" /><testcase classname="backend.tests.test_ibt_module.TestIBTModule" name="test_05_check_inventory_nonexistent_item" time="0.196" /><testcase classname="backend.tests.test_ibt_module.TestIBTModule" name="test_06_create_ibt_insufficient_inventory" time="0.204" /><testcase classname="backend.tests.test_ibt_module.TestIBTModule" name="test_07_create_ibt_same_branch_fails" time="0.141" /><testcase classname="backend.tests.test_ibt_module.TestIBTModule" name="test_08_create_ibt_with_transit_details" time="0.303" /><testcase classname="backend.tests.test_ibt_module.TestIBTModule" name="test_09_approve_ibt_transfer" time="0.309" /><testcase classname="backend.tests.test_ibt_module.TestIBTModule" name="test_10_dispatch_ibt_transfer" time="0.352" /><testcase classname="backend.tests.test_ibt_module.TestIBTModule" name="test_11_receive_ibt_full_quantity" time="0.371" /><testcase classname="backend.tests.test_ibt_module.TestIBTModule" name="test_12_receive_ibt_with_shortage" time="0.397" /><testcase classname="backend.tests.test_ibt_module.TestIBTModule" name="test_13_cancel_ibt_before_dispatch" time="0.325" /><testcase classname="backend.tests.test_ibt_module.TestIBTModule" name="test_14_cancel_ibt_after_dispatch_fails" time="0.393" /><testcase classname="backend.tests.test_ibt_module.TestIBTModule" name="test_15_get_ibt_shortages" time="0.146" /><testcase classname="backend.tests.test_ibt_module.TestIBTModule" name="test_16_get_pending_shortages" time="0.149" /><testcase classname="backend.tests.test_ibt_module.TestIBTModule" name="test_17_get_single_transfer_details" time="0.198" /><testcase classname="backend.tests.test_ibt_module.TestIBTModule" name="test_18_get_nonexistent_transfer_returns_404" time="0.166" /><testcase classname="backend.tests.test_ibt_module.TestIBTModule" name="test_19_get_branches_for_ibt" time="0.173" /><testcase classname="backend.tests.test_ibt_module.TestIBTModule" name="test_20_get_raw_materials_for_ibt" time="0.365" /></testsuite></testsuites>