<?xml version="1.0" encoding="utf-8"?><testsuites name="pytest tests"><testsuite name="pytest" errors="0" failures="0" skipped="0" tests="20" time="60.080" timestamp="2026-03-28T16:37:13.907542+00:00" hostname="agent-env-0a6a28be-88d0-4644-a695-e9956a767fed"><testcase classname="backend.tests.test_weekly_mrp.TestMRPRunsEndpoint" name="test_runs_returns_version_field_for_weekly_runs" time="0.322" /><testcase classname="backend.tests.test_weekly_mrp.TestMRPRunsEndpoint" name="test_runs_returns_common_weeks_count_field_for_weekly_runs" time="0.108" /><testcase classname="backend.tests.test_weekly_mrp.TestMRPRunsEndpoint" name="test_runs_returns_summary_field_for_weekly_runs" time="0.104" /><testcase classname="backend.tests.test_weekly_mrp.TestMRPRunsEndpoint" name="test_weekly_run_has_correct_version" time="0.114" /><testcase classname="backend.tests.test_weekly_mrp.TestWeeklyOrderPlanDropdownFilter" name="test_filter_weekly_runs_by_version" time="0.108" /><testcase classname="backend.tests.test_weekly_mrp.TestWeeklyPlanSummaryCards" name="test_summary_has_total_order_weeks" time="3.510" /><testcase classname="backend.tests.test_weekly_mrp.TestWeeklyPlanSummaryCards" name="test_summary_has_common_rms_count" time="3.454" /><testcase classname="backend.tests.test_weekly_mrp.TestWeeklyPlanSummaryCards" name="test_summary_has_common_order_value" time="3.639" /><testcase classname="backend.tests.test_weekly_mrp.TestWeeklyPlanSummaryCards" name="test_summary_has_brand_specific_rms_count" time="3.355" /><testcase classname="backend.tests.test_weekly_mrp.TestWeeklyPlanSummaryCards" name="test_summary_has_total_order_value" time="3.398" /><testcase classname="backend.tests.test_weekly_mrp.TestWeeklyPlanData" name="test_weekly_plan_returns_weeks" time="3.468" /><testcase classname="backend.tests.test_weekly_mrp.TestWeeklyPlanData" name="test_week_has_order_week_field" time="3.506" /><testcase classname="backend.tests.test_weekly_mrp.TestWeeklyPlanData" name="test_week_has_items" time="3.483" /><testcase classname="backend.tests.test_weekly_mrp.TestWeeklyPlanData" name="test_item_has_required_fields" time="3.539" /><testcase classname="backend.tests.test_weekly_mrp.TestWeeklyPlanData" name="test_filter_by_common_type" time="3.398" /><testcase classname="backend.tests.test_weekly_mrp.TestWeeklyMRPCalculation" name="test_calculate_weekly_mrp_endpoint_exists" time="1.801" /><testcase classname="backend.tests.test_weekly_mrp.TestWeeklyPlanExport" name="test_export_endpoint_exists" time="10.962" /><testcase classname="backend.tests.test_weekly_mrp.TestWeeklyPlanExport" name="test_export_returns_file" time="11.484" /><testcase classname="backend.tests.test_weekly_mrp.TestMRPRunsTab" name="test_runs_have_status_field" time="0.129" /><testcase classname="backend.tests.test_weekly_mrp.TestMRPRunsTab" name="test_weekly_runs_have_required_display_fields" time="0.107" /></testsuite></testsuites>