<?xml version="1.0" encoding="utf-8"?><testsuites name="pytest tests"><testsuite name="pytest" errors="0" failures="0" skipped="0" tests="17" time="1.986" timestamp="2026-04-03T07:42:24.933658+00:00" hostname="agent-env-0a6a28be-88d0-4644-a695-e9956a767fed"><testcase classname="tests.test_custom_reports.TestDispatchByOriginReport" name="test_dispatch_origin_returns_200" time="0.208" /><testcase classname="tests.test_custom_reports.TestDispatchByOriginReport" name="test_dispatch_origin_response_structure" time="0.101" /><testcase classname="tests.test_custom_reports.TestDispatchByOriginReport" name="test_dispatch_origin_with_date_filters" time="0.110" /><testcase classname="tests.test_custom_reports.TestDispatchByOriginReport" name="test_dispatch_origin_with_branch_filter" time="0.120" /><testcase classname="tests.test_custom_reports.TestProductionByUnitReport" name="test_production_by_unit_returns_200" time="0.100" /><testcase classname="tests.test_custom_reports.TestProductionByUnitReport" name="test_production_by_unit_response_structure" time="0.100" /><testcase classname="tests.test_custom_reports.TestProductionByUnitReport" name="test_production_by_unit_with_date_filters" time="0.104" /><testcase classname="tests.test_custom_reports.TestProductionByUnitReport" name="test_production_by_unit_with_branch_filter" time="0.098" /><testcase classname="tests.test_custom_reports.TestForecastVsActualReport" name="test_forecast_vs_actual_returns_200" time="0.106" /><testcase classname="tests.test_custom_reports.TestForecastVsActualReport" name="test_forecast_vs_actual_response_structure" time="0.116" /><testcase classname="tests.test_custom_reports.TestForecastVsActualReport" name="test_forecast_vs_actual_with_date_filters" time="0.115" /><testcase classname="tests.test_custom_reports.TestForecastVsActualReport" name="test_forecast_vs_actual_with_buyer_filter" time="0.100" /><testcase classname="tests.test_custom_reports.TestBuyerDispatchHistoryReport" name="test_buyer_dispatch_history_returns_200" time="0.099" /><testcase classname="tests.test_custom_reports.TestBuyerDispatchHistoryReport" name="test_buyer_dispatch_history_response_structure" time="0.097" /><testcase classname="tests.test_custom_reports.TestBuyerDispatchHistoryReport" name="test_buyer_dispatch_history_with_date_filters" time="0.107" /><testcase classname="tests.test_custom_reports.TestBuyerDispatchHistoryReport" name="test_buyer_dispatch_history_with_buyer_name_filter" time="0.095" /><testcase classname="tests.test_custom_reports.TestBuyerDispatchHistoryReport" name="test_buyer_dispatch_history_with_buyer_id_filter" time="0.100" /></testsuite></testsuites>