<?xml version="1.0" encoding="utf-8"?><testsuites name="pytest tests"><testsuite name="pytest" errors="0" failures="0" skipped="0" tests="18" time="8.803" timestamp="2026-03-14T18:55:01.094690+00:00" hostname="agent-env-4a57a297-76f4-4cc7-b49c-288be3236d21"><testcase classname="tests.test_rbac_system.TestRBACSeeding" name="test_all_10_roles_exist" time="0.394" /><testcase classname="tests.test_rbac_system.TestRBACSeeding" name="test_role_structure" time="0.241" /><testcase classname="tests.test_rbac_system.TestPermissionAssignment" name="test_master_admin_permissions" time="0.278" /><testcase classname="tests.test_rbac_system.TestMasterAdminAccess" name="test_admin_can_create_sku" time="0.335" /><testcase classname="tests.test_rbac_system.TestMasterAdminAccess" name="test_admin_can_create_vendor" time="0.484" /><testcase classname="tests.test_rbac_system.TestMasterAdminAccess" name="test_admin_can_create_raw_material" time="0.369" /><testcase classname="tests.test_rbac_system.TestDemandPlannerAccess" name="test_demand_planner_can_create_sku" time="0.485" /><testcase classname="tests.test_rbac_system.TestDemandPlannerAccess" name="test_demand_planner_cannot_delete_raw_materials" time="0.640" /><testcase classname="tests.test_rbac_system.TestDemandPlannerAccess" name="test_demand_planner_cannot_create_vendors" time="0.350" /><testcase classname="tests.test_rbac_system.TestProcurementOfficerAccess" name="test_procurement_can_create_vendor" time="0.753" /><testcase classname="tests.test_rbac_system.TestProcurementOfficerAccess" name="test_procurement_cannot_delete_skus" time="1.049" /><testcase classname="tests.test_rbac_system.TestRoleAssignmentAPI" name="test_admin_can_assign_role" time="0.589" /><testcase classname="tests.test_rbac_system.TestRoleAssignmentAPI" name="test_assign_duplicate_role_fails" time="0.608" /><testcase classname="tests.test_rbac_system.TestPermissionCheckAPI" name="test_permissions_endpoint_returns_correct_structure" time="0.270" /><testcase classname="tests.test_rbac_system.TestRoleListingAPI" name="test_roles_endpoint_returns_all_10_roles" time="0.238" /><testcase classname="tests.test_rbac_system.TestUserRolesAPI" name="test_user_roles_endpoint_returns_assigned_roles" time="0.693" /><testcase classname="tests.test_rbac_system.TestUserRolesAPI" name="test_user_roles_for_nonexistent_user" time="0.251" /><testcase classname="tests.test_rbac_system.TestRoleRemoval" name="test_admin_can_remove_role" time="0.679" /></testsuite></testsuites>