<?xml version="1.0" encoding="utf-8"?><testsuites name="pytest tests"><testsuite name="pytest" errors="0" failures="0" skipped="0" tests="23" time="2.920" timestamp="2026-03-14T16:36:35.824187+00:00" hostname="agent-env-569b7be0-25f5-42f1-a12b-55f9938c929e"><testcase classname="backend.tests.test_architecture_modules.TestVerticals" name="test_get_verticals" time="0.307" /><testcase classname="backend.tests.test_architecture_modules.TestVerticals" name="test_create_vertical" time="0.058" /><testcase classname="backend.tests.test_architecture_modules.TestVerticals" name="test_create_duplicate_vertical_fails" time="0.104" /><testcase classname="backend.tests.test_architecture_modules.TestModels" name="test_get_models" time="0.069" /><testcase classname="backend.tests.test_architecture_modules.TestModels" name="test_create_model" time="0.116" /><testcase classname="backend.tests.test_architecture_modules.TestModels" name="test_get_models_by_vertical" time="0.128" /><testcase classname="backend.tests.test_architecture_modules.TestBuyers" name="test_get_buyers" time="0.057" /><testcase classname="backend.tests.test_architecture_modules.TestBuyers" name="test_create_buyer" time="0.058" /><testcase classname="backend.tests.test_architecture_modules.TestBuyers" name="test_get_buyer_by_id" time="0.115" /><testcase classname="backend.tests.test_architecture_modules.TestBrands" name="test_get_brands" time="0.062" /><testcase classname="backend.tests.test_architecture_modules.TestBrands" name="test_create_brand" time="0.121" /><testcase classname="backend.tests.test_architecture_modules.TestBrands" name="test_get_brands_by_buyer" time="0.129" /><testcase classname="backend.tests.test_architecture_modules.TestForecasts" name="test_get_forecasts" time="0.070" /><testcase classname="backend.tests.test_architecture_modules.TestForecasts" name="test_create_forecast" time="0.235" /><testcase classname="backend.tests.test_architecture_modules.TestForecasts" name="test_confirm_forecast" time="0.170" /><testcase classname="backend.tests.test_architecture_modules.TestDispatchLots" name="test_get_dispatch_lots" time="0.055" /><testcase classname="backend.tests.test_architecture_modules.TestDispatchLots" name="test_create_dispatch_lot" time="0.238" /><testcase classname="backend.tests.test_architecture_modules.TestDispatchLots" name="test_get_dispatch_lots_by_buyer" time="0.119" /><testcase classname="backend.tests.test_architecture_modules.TestQCChecklists" name="test_get_qc_checklists" time="0.065" /><testcase classname="backend.tests.test_architecture_modules.TestQCChecklists" name="test_create_qc_checklist" time="0.079" /><testcase classname="backend.tests.test_architecture_modules.TestQCChecklists" name="test_create_measurement_checklist" time="0.057" /><testcase classname="backend.tests.test_architecture_modules.TestQCResults" name="test_get_qc_results_requires_batch_id" time="0.085" /><testcase classname="backend.tests.test_architecture_modules.TestCleanup" name="test_cleanup_test_data" time="0.229" /></testsuite></testsuites>