<?xml version="1.0" encoding="utf-8"?><testsuites name="pytest tests"><testsuite name="pytest" errors="0" failures="0" skipped="1" tests="26" time="11.052" timestamp="2026-03-27T19:43:08.028624+00:00" hostname="agent-env-0a6a28be-88d0-4644-a695-e9956a767fed"><testcase classname="tests.test_mrp_module.TestMRPDashboard" name="test_dashboard_returns_stats" time="0.303" /><testcase classname="tests.test_mrp_module.TestMRPDashboard" name="test_dashboard_requires_auth" time="0.111" /><testcase classname="tests.test_mrp_module.TestMRPRuns" name="test_get_runs_list" time="0.132" /><testcase classname="tests.test_mrp_module.TestMRPRuns" name="test_get_run_detail" time="0.408" /><testcase classname="tests.test_mrp_module.TestMRPRuns" name="test_get_run_detail_not_found" time="0.104" /><testcase classname="tests.test_mrp_module.TestMRPRuns" name="test_runs_filter_by_status" time="0.115" /><testcase classname="tests.test_mrp_module.TestDraftPOs" name="test_get_draft_pos_list" time="0.206" /><testcase classname="tests.test_mrp_module.TestDraftPOs" name="test_get_draft_po_detail" time="0.292" /><testcase classname="tests.test_mrp_module.TestDraftPOs" name="test_get_draft_po_not_found" time="0.160" /><testcase classname="tests.test_mrp_module.TestDraftPOs" name="test_draft_pos_filter_by_status" time="0.163" /><testcase classname="tests.test_mrp_module.TestDraftPOs" name="test_draft_pos_consolidated_by_vendor" time="0.175" /><testcase classname="tests.test_mrp_module.TestModelForecasts" name="test_get_model_forecasts" time="0.183" /><testcase classname="tests.test_mrp_module.TestModelForecasts" name="test_model_forecasts_filter_by_vertical" time="0.330" /><testcase classname="tests.test_mrp_module.TestModelForecasts" name="test_model_forecasts_count_matches_dashboard" time="0.315" /><testcase classname="tests.test_mrp_module.TestRMParameters" name="test_get_rm_params" time="0.179" /><testcase classname="tests.test_mrp_module.TestRMParameters" name="test_rm_params_filter_by_category" time="0.339" /><testcase classname="tests.test_mrp_module.TestRMParameters" name="test_rm_params_count_matches_dashboard" time="0.294" /><testcase classname="tests.test_mrp_module.TestMRPCalculation" name="test_calculate_mrp_endpoint_exists" time="0.109" /><testcase classname="tests.test_mrp_module.TestMRPCalculation" name="test_calculate_mrp_creates_run" time="5.284" /><testcase classname="tests.test_mrp_module.TestDraftPOGeneration" name="test_generate_pos_endpoint_exists" time="0.291" /><testcase classname="tests.test_mrp_module.TestDraftPOGeneration" name="test_generate_pos_not_found" time="0.121" /><testcase classname="tests.test_mrp_module.TestDraftPOApproval" name="test_approve_draft_po_endpoint_exists" time="0.317" /><testcase classname="tests.test_mrp_module.TestDraftPOApproval" name="test_convert_to_po_requires_approval" time="0.343" /><testcase classname="tests.test_mrp_module.TestMRPRunApproval" name="test_approve_run_endpoint_exists" time="0.108"><skipped type="pytest.skip" message="No calculated runs available for approval test">/app/backend/tests/test_mrp_module.py:522: No calculated runs available for approval test</skipped></testcase><testcase classname="tests.test_mrp_module.TestMRPDataIntegrity" name="test_run_rm_requirements_have_vendor_info" time="0.375" /><testcase classname="tests.test_mrp_module.TestMRPDataIntegrity" name="test_draft_po_lines_have_required_fields" time="0.195" /></testsuite></testsuites>