<?xml version="1.0" encoding="utf-8"?><testsuites name="pytest tests"><testsuite name="pytest" errors="0" failures="0" skipped="0" tests="13" time="2.273" timestamp="2026-03-07T12:07:17.702602+00:00" hostname="agent-env-4de81335-2d5f-4ba6-bc49-3d29ff94e37c"><testcase classname="backend.tests.test_production_plans.TestProductionPlansAPI" name="test_create_production_plan_success" time="0.159" /><testcase classname="backend.tests.test_production_plans.TestProductionPlansAPI" name="test_create_production_plan_invalid_sku" time="0.128" /><testcase classname="backend.tests.test_production_plans.TestProductionPlansAPI" name="test_create_production_plan_updates_existing" time="0.216" /><testcase classname="backend.tests.test_production_plans.TestProductionPlansAPI" name="test_get_production_plans_by_branch" time="0.153" /><testcase classname="backend.tests.test_production_plans.TestProductionPlansAPI" name="test_get_production_plans_by_month" time="0.100" /><testcase classname="backend.tests.test_production_plans.TestProductionPlansAPI" name="test_get_production_plans_structure" time="0.099" /><testcase classname="backend.tests.test_production_plans.TestProductionPlanMonths" name="test_get_available_months" time="0.107" /><testcase classname="backend.tests.test_production_plans.TestSKUFiltersForPlanning" name="test_get_filter_options" time="0.121" /><testcase classname="backend.tests.test_production_plans.TestSKUFiltersForPlanning" name="test_get_models_by_vertical" time="0.218" /><testcase classname="backend.tests.test_production_plans.TestSKUFiltersForPlanning" name="test_get_brands_by_vertical_model" time="0.269" /><testcase classname="backend.tests.test_production_plans.TestSKUFiltersForPlanning" name="test_get_skus_for_branch" time="0.127" /><testcase classname="backend.tests.test_production_plans.TestShortageAnalysis" name="test_get_shortage_analysis" time="0.108" /><testcase classname="backend.tests.test_production_plans.TestProductionPlanDelete" name="test_delete_production_plan_month" time="0.333" /></testsuite></testsuites>