<?xml version="1.0" encoding="utf-8"?><testsuites name="pytest tests"><testsuite name="pytest" errors="0" failures="0" skipped="0" tests="10" time="2.707" timestamp="2026-03-15T11:17:12.384717+00:00" hostname="agent-env-364b2c70-5f75-4bed-86ac-81ffe939069c"><testcase classname="backend.tests.test_dispatch_lot_edit.TestDispatchLotEdit" name="test_get_dispatch_lots_list" time="0.216" /><testcase classname="backend.tests.test_dispatch_lot_edit.TestDispatchLotEdit" name="test_get_dispatch_lot_details" time="0.233" /><testcase classname="backend.tests.test_dispatch_lot_edit.TestDispatchLotEdit" name="test_update_lot_fields_only" time="0.227" /><testcase classname="backend.tests.test_dispatch_lot_edit.TestDispatchLotEdit" name="test_update_line_quantities" time="0.274" /><testcase classname="backend.tests.test_dispatch_lot_edit.TestDispatchLotEdit" name="test_remove_line_from_lot" time="0.245" /><testcase classname="backend.tests.test_dispatch_lot_edit.TestDispatchLotEdit" name="test_reject_update_with_empty_lines" time="0.232" /><testcase classname="backend.tests.test_dispatch_lot_edit.TestDispatchLotEdit" name="test_reject_update_dispatched_lot" time="0.303" /><testcase classname="backend.tests.test_dispatch_lot_edit.TestDispatchLotEdit" name="test_reject_update_delivered_lot" time="0.314" /><testcase classname="backend.tests.test_dispatch_lot_edit.TestDispatchLotEdit" name="test_update_nonexistent_lot" time="0.168" /><testcase classname="backend.tests.test_dispatch_lot_edit.TestDispatchLotEditIntegration" name="test_create_edit_verify_flow" time="0.429" /></testsuite></testsuites>