<?xml version="1.0" encoding="utf-8"?><testsuites name="pytest tests"><testsuite name="pytest" errors="0" failures="0" skipped="0" tests="19" time="55.892" timestamp="2026-03-28T17:19:43.933222+00:00" hostname="agent-env-0a6a28be-88d0-4644-a695-e9956a767fed"><testcase classname="backend.tests.test_weekly_po_generation.TestWeeklyPOGeneration" name="test_preview_weekly_pos_success" time="3.875" /><testcase classname="backend.tests.test_weekly_po_generation.TestWeeklyPOGeneration" name="test_preview_returns_correct_weeks" time="3.540" /><testcase classname="backend.tests.test_weekly_po_generation.TestWeeklyPOGeneration" name="test_preview_groups_by_vendor" time="3.493" /><testcase classname="backend.tests.test_weekly_po_generation.TestWeeklyPOGeneration" name="test_preview_identifies_items_without_vendor" time="3.548" /><testcase classname="backend.tests.test_weekly_po_generation.TestWeeklyPOGeneration" name="test_preview_invalid_run_id" time="3.625" /><testcase classname="backend.tests.test_weekly_po_generation.TestWeeklyPOGeneration" name="test_preview_empty_weeks" time="3.488" /><testcase classname="backend.tests.test_weekly_po_generation.TestWeeklyPOGeneration" name="test_download_template_success" time="3.864" /><testcase classname="backend.tests.test_weekly_po_generation.TestWeeklyPOGeneration" name="test_download_template_has_correct_headers" time="3.750" /><testcase classname="backend.tests.test_weekly_po_generation.TestWeeklyPOGeneration" name="test_download_template_has_data_rows" time="3.752" /><testcase classname="backend.tests.test_weekly_po_generation.TestWeeklyPOGeneration" name="test_download_template_vendors_reference" time="3.765" /><testcase classname="backend.tests.test_weekly_po_generation.TestWeeklyPOGeneration" name="test_get_weekly_draft_pos" time="3.435" /><testcase classname="backend.tests.test_weekly_po_generation.TestWeeklyPOGeneration" name="test_get_weekly_draft_pos_with_status_filter" time="3.459" /><testcase classname="backend.tests.test_weekly_po_generation.TestWeeklyPOGeneration" name="test_preview_summary_matches_vendor_totals" time="3.755" /><testcase classname="backend.tests.test_weekly_po_generation.TestWeeklyPOGeneration" name="test_template_row_count_matches_preview" time="3.558" /><testcase classname="backend.tests.test_weekly_po_generation.TestWeeklyPOUpload" name="test_upload_creates_draft_pos" time="3.776" /><testcase classname="backend.tests.test_weekly_po_generation.TestWeeklyDraftPOOperations" name="test_update_draft_po_vendor" time="0.309" /><testcase classname="backend.tests.test_weekly_po_generation.TestWeeklyDraftPOOperations" name="test_update_draft_po_line_quantity" time="0.230" /><testcase classname="backend.tests.test_weekly_po_generation.TestWeeklyDraftPOOperations" name="test_approve_draft_po" time="0.249" /><testcase classname="backend.tests.test_weekly_po_generation.TestWeeklyDraftPOOperations" name="test_convert_approved_po" time="0.194" /></testsuite></testsuites>