<?xml version="1.0" encoding="utf-8"?><testsuites name="pytest tests"><testsuite name="pytest" errors="0" failures="7" skipped="0" tests="18" time="7.428" timestamp="2026-03-14T18:53:14.867486+00:00" hostname="agent-env-4a57a297-76f4-4cc7-b49c-288be3236d21"><testcase classname="tests.test_rbac_system.TestRBACSeeding" name="test_all_10_roles_exist" time="0.396" /><testcase classname="tests.test_rbac_system.TestRBACSeeding" name="test_role_structure" time="0.227" /><testcase classname="tests.test_rbac_system.TestPermissionAssignment" name="test_master_admin_permissions" time="0.279" /><testcase classname="tests.test_rbac_system.TestMasterAdminAccess" name="test_admin_can_create_sku" time="0.257"><failure message="AssertionError: Admin should be able to create SKU: {&quot;detail&quot;:[{&quot;type&quot;:&quot;missing&quot;,&quot;loc&quot;:[&quot;body&quot;,&quot;bidso_sku&quot;],&quot;msg&quot;:&quot;Field required&quot;,&quot;input&quot;:{&quot;sku_id&quot;:&quot;TEST_RBAC_SKU_f4a0d4d2&quot;,&quot;description&quot;:&quot;RBAC Test SKU&quot;,&quot;vertical&quot;:&quot;Test&quot;,&quot;model&quot;:&quot;Test Model&quot;,&quot;brand&quot;:&quot;Test Brand&quot;},&quot;url&quot;:&quot;https://errors.pydantic.dev/2.12/v/missing&quot;},{&quot;type&quot;:&quot;missing&quot;,&quot;loc&quot;:[&quot;body&quot;,&quot;buyer_sku_id&quot;],&quot;msg&quot;:&quot;Field required&quot;,&quot;input&quot;:{&quot;sku_id&quot;:&quot;TEST_RBAC_SKU_f4a0d4d2&quot;,&quot;description&quot;:&quot;RBAC Test SKU&quot;,&quot;vertical&quot;:&quot;Test&quot;,&quot;model&quot;:&quot;Test Model&quot;,&quot;brand&quot;:&quot;Test Brand&quot;},&quot;url&quot;:&quot;https://errors.pydantic.dev/2.12/v/missing&quot;}]}&#10;assert 422 == 200&#10; +  where 422 = &lt;Response [422]&gt;.status_code">tests/test_rbac_system.py:131: in test_admin_can_create_sku
    assert response.status_code == 200, f"Admin should be able to create SKU: {response.text}"
E   AssertionError: Admin should be able to create SKU: {"detail":[{"type":"missing","loc":["body","bidso_sku"],"msg":"Field required","input":{"sku_id":"TEST_RBAC_SKU_f4a0d4d2","description":"RBAC Test SKU","vertical":"Test","model":"Test Model","brand":"Test Brand"},"url":"https://errors.pydantic.dev/2.12/v/missing"},{"type":"missing","loc":["body","buyer_sku_id"],"msg":"Field required","input":{"sku_id":"TEST_RBAC_SKU_f4a0d4d2","description":"RBAC Test SKU","vertical":"Test","model":"Test Model","brand":"Test Brand"},"url":"https://errors.pydantic.dev/2.12/v/missing"}]}
E   assert 422 == 200
E    +  where 422 = &lt;Response [422]&gt;.status_code</failure></testcase><testcase classname="tests.test_rbac_system.TestMasterAdminAccess" name="test_admin_can_create_vendor" time="0.235"><failure message="AssertionError: Admin should be able to create Vendor: Internal Server Error&#10;assert 500 == 200&#10; +  where 500 = &lt;Response [500]&gt;.status_code">tests/test_rbac_system.py:147: in test_admin_can_create_vendor
    assert response.status_code == 200, f"Admin should be able to create Vendor: {response.text}"
E   AssertionError: Admin should be able to create Vendor: Internal Server Error
E   assert 500 == 200
E    +  where 500 = &lt;Response [500]&gt;.status_code</failure></testcase><testcase classname="tests.test_rbac_system.TestMasterAdminAccess" name="test_admin_can_create_raw_material" time="0.261"><failure message="AssertionError: Admin should be able to create RM: {&quot;detail&quot;:&quot;Invalid category: FABRIC&quot;}&#10;assert 400 == 200&#10; +  where 400 = &lt;Response [400]&gt;.status_code">tests/test_rbac_system.py:163: in test_admin_can_create_raw_material
    assert response.status_code == 200, f"Admin should be able to create RM: {response.text}"
E   AssertionError: Admin should be able to create RM: {"detail":"Invalid category: FABRIC"}
E   assert 400 == 200
E    +  where 400 = &lt;Response [400]&gt;.status_code</failure></testcase><testcase classname="tests.test_rbac_system.TestDemandPlannerAccess" name="test_demand_planner_can_create_sku" time="0.334"><failure message="AssertionError: Demand Planner should be able to create SKU: {&quot;detail&quot;:[{&quot;type&quot;:&quot;missing&quot;,&quot;loc&quot;:[&quot;body&quot;,&quot;bidso_sku&quot;],&quot;msg&quot;:&quot;Field required&quot;,&quot;input&quot;:{&quot;sku_id&quot;:&quot;TEST_DP_SKU_07bf2d70&quot;,&quot;description&quot;:&quot;Demand Planner Test SKU&quot;,&quot;vertical&quot;:&quot;Test&quot;,&quot;model&quot;:&quot;Test Model&quot;,&quot;brand&quot;:&quot;Test Brand&quot;},&quot;url&quot;:&quot;https://errors.pydantic.dev/2.12/v/missing&quot;},{&quot;type&quot;:&quot;missing&quot;,&quot;loc&quot;:[&quot;body&quot;,&quot;buyer_sku_id&quot;],&quot;msg&quot;:&quot;Field required&quot;,&quot;input&quot;:{&quot;sku_id&quot;:&quot;TEST_DP_SKU_07bf2d70&quot;,&quot;description&quot;:&quot;Demand Planner Test SKU&quot;,&quot;vertical&quot;:&quot;Test&quot;,&quot;model&quot;:&quot;Test Model&quot;,&quot;brand&quot;:&quot;Test Brand&quot;},&quot;url&quot;:&quot;https://errors.pydantic.dev/2.12/v/missing&quot;}]}&#10;assert 422 == 200&#10; +  where 422 = &lt;Response [422]&gt;.status_code">tests/test_rbac_system.py:230: in test_demand_planner_can_create_sku
    assert response.status_code == 200, f"Demand Planner should be able to create SKU: {response.text}"
E   AssertionError: Demand Planner should be able to create SKU: {"detail":[{"type":"missing","loc":["body","bidso_sku"],"msg":"Field required","input":{"sku_id":"TEST_DP_SKU_07bf2d70","description":"Demand Planner Test SKU","vertical":"Test","model":"Test Model","brand":"Test Brand"},"url":"https://errors.pydantic.dev/2.12/v/missing"},{"type":"missing","loc":["body","buyer_sku_id"],"msg":"Field required","input":{"sku_id":"TEST_DP_SKU_07bf2d70","description":"Demand Planner Test SKU","vertical":"Test","model":"Test Model","brand":"Test Brand"},"url":"https://errors.pydantic.dev/2.12/v/missing"}]}
E   assert 422 == 200
E    +  where 422 = &lt;Response [422]&gt;.status_code</failure></testcase><testcase classname="tests.test_rbac_system.TestDemandPlannerAccess" name="test_demand_planner_cannot_delete_raw_materials" time="0.354"><failure message="assert 400 == 200&#10; +  where 400 = &lt;Response [400]&gt;.status_code">tests/test_rbac_system.py:248: in test_demand_planner_cannot_delete_raw_materials
    assert create_response.status_code == 200
E   assert 400 == 200
E    +  where 400 = &lt;Response [400]&gt;.status_code</failure></testcase><testcase classname="tests.test_rbac_system.TestDemandPlannerAccess" name="test_demand_planner_cannot_create_vendors" time="0.355" /><testcase classname="tests.test_rbac_system.TestProcurementOfficerAccess" name="test_procurement_can_create_vendor" time="0.610"><failure message="AssertionError: Procurement Officer should be able to create Vendor: Internal Server Error&#10;assert 500 == 200&#10; +  where 500 = &lt;Response [500]&gt;.status_code">tests/test_rbac_system.py:333: in test_procurement_can_create_vendor
    assert response.status_code == 200, f"Procurement Officer should be able to create Vendor: {response.text}"
E   AssertionError: Procurement Officer should be able to create Vendor: Internal Server Error
E   assert 500 == 200
E    +  where 500 = &lt;Response [500]&gt;.status_code</failure></testcase><testcase classname="tests.test_rbac_system.TestProcurementOfficerAccess" name="test_procurement_cannot_delete_skus" time="0.542"><failure message="assert 422 == 200&#10; +  where 422 = &lt;Response [422]&gt;.status_code">tests/test_rbac_system.py:355: in test_procurement_cannot_delete_skus
    assert create_response.status_code == 200
E   assert 422 == 200
E    +  where 422 = &lt;Response [422]&gt;.status_code</failure></testcase><testcase classname="tests.test_rbac_system.TestRoleAssignmentAPI" name="test_admin_can_assign_role" time="0.556" /><testcase classname="tests.test_rbac_system.TestRoleAssignmentAPI" name="test_assign_duplicate_role_fails" time="0.594" /><testcase classname="tests.test_rbac_system.TestPermissionCheckAPI" name="test_permissions_endpoint_returns_correct_structure" time="0.295" /><testcase classname="tests.test_rbac_system.TestRoleListingAPI" name="test_roles_endpoint_returns_all_10_roles" time="0.316" /><testcase classname="tests.test_rbac_system.TestUserRolesAPI" name="test_user_roles_endpoint_returns_assigned_roles" time="0.656" /><testcase classname="tests.test_rbac_system.TestUserRolesAPI" name="test_user_roles_for_nonexistent_user" time="0.216" /><testcase classname="tests.test_rbac_system.TestRoleRemoval" name="test_admin_can_remove_role" time="0.694" /></testsuite></testsuites>