<?xml version="1.0" encoding="utf-8"?><testsuites name="pytest tests"><testsuite name="pytest" errors="0" failures="0" skipped="0" tests="21" time="3.115" timestamp="2026-03-15T11:58:09.512439+00:00" hostname="agent-env-364b2c70-5f75-4bed-86ac-81ffe939069c"><testcase classname="backend.tests.test_cpc_demand_enhancements.TestForecastsNewColumns" name="test_forecasts_returns_dispatch_allocated" time="0.195" /><testcase classname="backend.tests.test_cpc_demand_enhancements.TestForecastsNewColumns" name="test_forecasts_returns_production_scheduled" time="0.102" /><testcase classname="backend.tests.test_cpc_demand_enhancements.TestForecastsNewColumns" name="test_forecasts_returns_schedule_pending" time="0.113" /><testcase classname="backend.tests.test_cpc_demand_enhancements.TestForecastsNewColumns" name="test_forecasts_schedule_pending_calculation" time="0.103" /><testcase classname="backend.tests.test_cpc_demand_enhancements.TestSKUAssignedBranches" name="test_get_assigned_branches_success" time="0.113" /><testcase classname="backend.tests.test_cpc_demand_enhancements.TestSKUAssignedBranches" name="test_get_assigned_branches_invalid_sku" time="0.106" /><testcase classname="backend.tests.test_cpc_demand_enhancements.TestBranchCapacityForDate" name="test_capacity_for_date_success" time="0.119" /><testcase classname="backend.tests.test_cpc_demand_enhancements.TestBranchCapacityForDate" name="test_capacity_for_date_invalid_format" time="0.123" /><testcase classname="backend.tests.test_cpc_demand_enhancements.TestBranchCapacityForDate" name="test_capacity_for_date_invalid_branch" time="0.128" /><testcase classname="backend.tests.test_cpc_demand_enhancements.TestScheduleFromForecastWithBranch" name="test_schedule_from_forecast_with_branch" time="0.328" /><testcase classname="backend.tests.test_cpc_demand_enhancements.TestScheduleFromForecastWithBranch" name="test_schedule_from_forecast_invalid_branch" time="0.219" /><testcase classname="backend.tests.test_cpc_demand_enhancements.TestAddLineToDispatchLot" name="test_add_line_to_existing_lot" time="0.214" /><testcase classname="backend.tests.test_cpc_demand_enhancements.TestAddLineToDispatchLot" name="test_add_line_to_nonexistent_lot" time="0.105" /><testcase classname="backend.tests.test_cpc_demand_enhancements.TestDispatchLotsByBuyer" name="test_get_lots_by_buyer" time="0.098" /><testcase classname="backend.tests.test_cpc_demand_enhancements.TestDispatchLotsByBuyer" name="test_get_lots_by_buyer_excludes_completed" time="0.097" /><testcase classname="backend.tests.test_cpc_demand_enhancements.TestBranchModelCapacityUpload" name="test_upload_model_capacity_success" time="0.210" /><testcase classname="backend.tests.test_cpc_demand_enhancements.TestBranchModelCapacityUpload" name="test_upload_model_capacity_invalid_branch" time="0.219" /><testcase classname="backend.tests.test_cpc_demand_enhancements.TestBranchModelCapacityUpload" name="test_upload_model_capacity_invalid_model" time="0.095" /><testcase classname="backend.tests.test_cpc_demand_enhancements.TestBranchModelCapacityUpload" name="test_upload_model_capacity_empty_data" time="0.135" /><testcase classname="backend.tests.test_cpc_demand_enhancements.TestCPCDemandForecastsEndpoint" name="test_cpc_demand_forecasts_returns_data" time="0.103" /><testcase classname="backend.tests.test_cpc_demand_enhancements.TestBranchModelCapacityGet" name="test_get_branch_model_capacity" time="0.098" /></testsuite></testsuites>