<?xml version="1.0" encoding="utf-8"?><testsuites name="pytest tests"><testsuite name="pytest" errors="0" failures="2" skipped="0" tests="14" time="2.276" timestamp="2026-03-15T14:20:13.426169+00:00" hostname="agent-env-347dd18e-75a1-4d17-b3fb-e43748bbb18c"><testcase classname="backend.tests.test_cpc_final_cleanup.TestCPCFinalCleanup" name="test_rm_shortage_report_endpoint_exists" time="0.236" /><testcase classname="backend.tests.test_cpc_final_cleanup.TestCPCFinalCleanup" name="test_rm_shortage_report_with_branch_filter" time="0.203" /><testcase classname="backend.tests.test_cpc_final_cleanup.TestCPCFinalCleanup" name="test_unassigned_schedules_endpoint" time="0.117" /><testcase classname="backend.tests.test_cpc_final_cleanup.TestCPCFinalCleanup" name="test_schedule_from_forecast_requires_branch" time="0.223" /><testcase classname="backend.tests.test_cpc_final_cleanup.TestCPCFinalCleanup" name="test_schedule_from_forecast_null_branch_rejected" time="0.208"><failure message="AssertionError: Expected 400 error when branch is null, got 422&#10;assert 422 == 400&#10; +  where 422 = &lt;Response [422]&gt;.status_code">backend/tests/test_cpc_final_cleanup.py:133: in test_schedule_from_forecast_null_branch_rejected
    assert response.status_code == 400, f"Expected 400 error when branch is null, got {response.status_code}"
E   AssertionError: Expected 400 error when branch is null, got 422
E   assert 422 == 400
E    +  where 422 = &lt;Response [422]&gt;.status_code</failure></testcase><testcase classname="backend.tests.test_cpc_final_cleanup.TestCPCFinalCleanup" name="test_schedules_with_branch_have_scheduled_status" time="0.131" /><testcase classname="backend.tests.test_cpc_final_cleanup.TestCPCFinalCleanup" name="test_all_schedules_have_branch" time="0.106" /><testcase classname="backend.tests.test_cpc_final_cleanup.TestCPCFinalCleanup" name="test_branch_schedules_endpoint" time="0.106" /><testcase classname="backend.tests.test_cpc_final_cleanup.TestCPCFinalCleanup" name="test_fix_draft_schedules_endpoint" time="0.119" /><testcase classname="backend.tests.test_cpc_final_cleanup.TestCPCFinalCleanup" name="test_cleanup_unassigned_schedules_endpoint" time="0.126" /><testcase classname="backend.tests.test_cpc_final_cleanup.TestCPCFinalCleanup" name="test_demand_forecasts_endpoint" time="0.148" /><testcase classname="backend.tests.test_cpc_final_cleanup.TestCPCFinalCleanup" name="test_demand_forecasts_summary" time="0.102" /><testcase classname="backend.tests.test_cpc_final_cleanup.TestProductionPlanningRouteRemoved" name="test_production_planning_route_not_accessible" time="0.097" /><testcase classname="backend.tests.test_cpc_final_cleanup.TestScheduleCreationWithBranch" name="test_schedule_from_forecast_with_valid_branch" time="0.217"><failure message="AssertionError: Created schedule should have branch assigned&#10;assert None == 'Unit 1 Vedica'&#10; +  where None = &lt;built-in method get of dict object at 0xff5183aa0b40&gt;('branch')&#10; +    where &lt;built-in method get of dict object at 0xff5183aa0b40&gt; = {'message': 'Production schedule created from forecast', 'remaining_forecast_qty': 1990, 'schedule': {'allocated_quantity': 0, 'branch': 'Unit 1 Vedica', 'completed_quantity': 0, 'created_at': '2026-03-15T14:20:15.678354+00:00', ...}}.get">backend/tests/test_cpc_final_cleanup.py:326: in test_schedule_from_forecast_with_valid_branch
    assert data.get("branch") == branch, "Created schedule should have branch assigned"
E   AssertionError: Created schedule should have branch assigned
E   assert None == 'Unit 1 Vedica'
E    +  where None = &lt;built-in method get of dict object at 0xff5183aa0b40&gt;('branch')
E    +    where &lt;built-in method get of dict object at 0xff5183aa0b40&gt; = {'message': 'Production schedule created from forecast', 'remaining_forecast_qty': 1990, 'schedule': {'allocated_quantity': 0, 'branch': 'Unit 1 Vedica', 'completed_quantity': 0, 'created_at': '2026-03-15T14:20:15.678354+00:00', ...}}.get</failure></testcase></testsuite></testsuites>