<?xml version="1.0" encoding="utf-8"?><testsuites name="pytest tests"><testsuite name="pytest" errors="0" failures="0" skipped="0" tests="19" time="2.634" timestamp="2026-04-05T10:17:19.290103+00:00" hostname="agent-env-0a6a28be-88d0-4644-a695-e9956a767fed"><testcase classname="backend.tests.test_rm_production_phase1.TestAuth" name="test_login_admin" time="0.249" /><testcase classname="backend.tests.test_rm_production_phase1.TestRMCategories" name="test_get_rm_categories" time="0.219" /><testcase classname="backend.tests.test_rm_production_phase1.TestRMCategories" name="test_get_rm_categories_with_source_type_filter" time="0.115" /><testcase classname="backend.tests.test_rm_production_phase1.TestRMCategories" name="test_get_single_rm_category" time="0.103" /><testcase classname="backend.tests.test_rm_production_phase1.TestRMCategories" name="test_create_rm_category" time="0.200" /><testcase classname="backend.tests.test_rm_production_phase1.TestRMCategories" name="test_update_rm_category" time="0.135" /><testcase classname="backend.tests.test_rm_production_phase1.TestRMBOM" name="test_get_all_boms" time="0.228" /><testcase classname="backend.tests.test_rm_production_phase1.TestRMBOM" name="test_get_boms_with_category_filter" time="0.103" /><testcase classname="backend.tests.test_rm_production_phase1.TestRMBOM" name="test_get_boms_with_bom_level_filter" time="0.115" /><testcase classname="backend.tests.test_rm_production_phase1.TestRMRepositoryFilters" name="test_get_rms_by_source_type_manufactured" time="0.145" /><testcase classname="backend.tests.test_rm_production_phase1.TestRMRepositoryFilters" name="test_get_rms_by_source_type_purchased" time="0.100" /><testcase classname="backend.tests.test_rm_production_phase1.TestRMRepositoryFilters" name="test_get_rms_by_source_type_both" time="0.104" /><testcase classname="backend.tests.test_rm_production_phase1.TestRMRepositoryFilters" name="test_get_rms_by_bom_level_1" time="0.098" /><testcase classname="backend.tests.test_rm_production_phase1.TestRMRepositoryFilters" name="test_get_rms_by_bom_level_2" time="0.098" /><testcase classname="backend.tests.test_rm_production_phase1.TestRMRepositoryFilters" name="test_get_rms_combined_filters" time="0.095" /><testcase classname="backend.tests.test_rm_production_phase1.TestRMRepositoryFilters" name="test_get_rms_with_category_filter" time="0.107" /><testcase classname="backend.tests.test_rm_production_phase1.TestRMRepositoryPagination" name="test_pagination_page_1" time="0.101" /><testcase classname="backend.tests.test_rm_production_phase1.TestRMRepositoryPagination" name="test_pagination_page_2" time="0.097" /><testcase classname="backend.tests.test_rm_production_phase1.TestRMRepositoryPagination" name="test_pagination_total_pages" time="0.104" /></testsuite></testsuites>