<?xml version="1.0" encoding="utf-8"?><testsuites name="pytest tests"><testsuite name="pytest" errors="0" failures="0" skipped="0" tests="17" time="3.424" timestamp="2026-03-16T04:30:00.182671+00:00" hostname="agent-env-f935682a-5a7c-46e6-b800-5324966abcbe"><testcase classname="backend.tests.test_buyers_module.TestBuyersAPI" name="test_get_buyers_returns_list" time="0.245" /><testcase classname="backend.tests.test_buyers_module.TestBuyersAPI" name="test_get_buyers_has_brands_dispatched_field" time="0.133" /><testcase classname="backend.tests.test_buyers_module.TestBuyersAPI" name="test_get_buyers_has_new_fields" time="0.110" /><testcase classname="backend.tests.test_buyers_module.TestBuyersAPI" name="test_create_buyer_auto_generates_customer_code" time="0.179" /><testcase classname="backend.tests.test_buyers_module.TestBuyersAPI" name="test_create_buyer_with_minimal_fields" time="0.182" /><testcase classname="backend.tests.test_buyers_module.TestBuyersAPI" name="test_create_buyer_duplicate_name_rejected" time="0.242" /><testcase classname="backend.tests.test_buyers_module.TestBuyersAPI" name="test_create_buyer_increments_customer_code" time="0.296" /><testcase classname="backend.tests.test_buyers_module.TestBuyersAPI" name="test_get_single_buyer" time="0.279" /><testcase classname="backend.tests.test_buyers_module.TestBuyersAPI" name="test_get_nonexistent_buyer_returns_404" time="0.124" /><testcase classname="backend.tests.test_buyers_module.TestBuyersAPI" name="test_update_buyer_preserves_customer_code" time="0.299" /><testcase classname="backend.tests.test_buyers_module.TestBuyersAPI" name="test_update_buyer_partial_fields" time="0.304" /><testcase classname="backend.tests.test_buyers_module.TestBuyersAPI" name="test_update_nonexistent_buyer_returns_404" time="0.150" /><testcase classname="backend.tests.test_buyers_module.TestBuyersAPI" name="test_delete_buyer_soft_delete" time="0.234" /><testcase classname="backend.tests.test_buyers_module.TestBuyersAPI" name="test_delete_nonexistent_buyer_returns_404" time="0.123" /><testcase classname="backend.tests.test_buyers_module.TestBuyersAPI" name="test_existing_buyers_have_expected_structure" time="0.129" /><testcase classname="backend.tests.test_buyers_module.TestBuyersBulkImport" name="test_bulk_import_endpoint_exists" time="0.122" /><testcase classname="backend.tests.test_buyers_module.TestBuyersBulkImport" name="test_bulk_import_rejects_non_excel" time="0.146" /></testsuite></testsuites>