<?xml version="1.0" encoding="utf-8"?><testsuites name="pytest tests"><testsuite name="pytest" errors="0" failures="0" skipped="0" tests="23" time="7.659" timestamp="2026-03-29T13:02:31.977129+00:00" hostname="agent-env-0a6a28be-88d0-4644-a695-e9956a767fed"><testcase classname="tests.test_pantone_module.TestPantoneShadesCRUD" name="test_get_pantone_shades_list" time="0.298" /><testcase classname="tests.test_pantone_module.TestPantoneShadesCRUD" name="test_create_pantone_shade" time="0.201" /><testcase classname="tests.test_pantone_module.TestPantoneShadesCRUD" name="test_create_duplicate_shade_fails" time="0.288" /><testcase classname="tests.test_pantone_module.TestPantoneShadesCRUD" name="test_get_single_pantone_shade" time="0.261" /><testcase classname="tests.test_pantone_module.TestPantoneShadesCRUD" name="test_update_pantone_shade" time="0.293" /><testcase classname="tests.test_pantone_module.TestPantoneShadesCRUD" name="test_delete_pantone_shade" time="0.276" /><testcase classname="tests.test_pantone_module.TestPantoneShadesCRUD" name="test_search_pantone_shades" time="0.265" /><testcase classname="tests.test_pantone_module.TestPantoneShadesCRUD" name="test_filter_by_category" time="0.153" /><testcase classname="tests.test_pantone_module.TestPantoneShadesCRUD" name="test_filter_by_color_family" time="0.151" /><testcase classname="tests.test_pantone_module.TestVendorMasterbatchMapping" name="test_create_vendor_masterbatch_mapping" time="0.405" /><testcase classname="tests.test_pantone_module.TestVendorMasterbatchMapping" name="test_create_duplicate_vendor_mapping_fails" time="0.478" /><testcase classname="tests.test_pantone_module.TestVendorMasterbatchMapping" name="test_get_shade_vendors" time="0.482" /><testcase classname="tests.test_pantone_module.TestVendorMasterbatchMapping" name="test_update_vendor_masterbatch" time="0.437" /><testcase classname="tests.test_pantone_module.TestQCApprovalWorkflow" name="test_approve_vendor_masterbatch" time="0.534" /><testcase classname="tests.test_pantone_module.TestQCApprovalWorkflow" name="test_reject_vendor_masterbatch" time="0.467" /><testcase classname="tests.test_pantone_module.TestQCApprovalWorkflow" name="test_set_preferred_vendor" time="0.504" /><testcase classname="tests.test_pantone_module.TestQCApprovalWorkflow" name="test_set_preferred_requires_approval" time="0.501" /><testcase classname="tests.test_pantone_module.TestQCApprovalWorkflow" name="test_get_pending_approvals" time="0.416" /><testcase classname="tests.test_pantone_module.TestExportImportTemplate" name="test_download_import_template" time="0.171" /><testcase classname="tests.test_pantone_module.TestExportImportTemplate" name="test_export_pantone_data" time="0.182" /><testcase classname="tests.test_pantone_module.TestIntegrationHelpers" name="test_get_approved_vendors_for_shade" time="0.464" /><testcase classname="tests.test_pantone_module.TestIntegrationHelpers" name="test_get_pantone_by_category" time="0.204" /><testcase classname="tests.test_pantone_module.TestExistingPantoneData" name="test_existing_pantone_shades" time="0.161" /></testsuite></testsuites>