<?xml version="1.0" encoding="utf-8"?><testsuites name="pytest tests"><testsuite name="pytest" errors="0" failures="0" skipped="0" tests="16" time="4.101" timestamp="2026-04-03T19:15:14.167224+00:00" hostname="agent-env-0a6a28be-88d0-4644-a695-e9956a767fed"><testcase classname="tests.test_dispatch_lots_v2.TestAuth" name="test_admin_login" time="0.683" /><testcase classname="tests.test_dispatch_lots_v2.TestAuth" name="test_demand_planner_login" time="0.116" /><testcase classname="tests.test_dispatch_lots_v2.TestAuth" name="test_finance_login" time="0.104" /><testcase classname="tests.test_dispatch_lots_v2.TestPriceMasterAPI" name="test_get_template" time="0.226" /><testcase classname="tests.test_dispatch_lots_v2.TestPriceMasterAPI" name="test_list_prices_empty" time="0.121" /><testcase classname="tests.test_dispatch_lots_v2.TestPriceMasterAPI" name="test_create_price_entry" time="0.344" /><testcase classname="tests.test_dispatch_lots_v2.TestPriceMasterAPI" name="test_list_prices_with_filters" time="0.115" /><testcase classname="tests.test_dispatch_lots_v2.TestDispatchLotsV2API" name="test_get_summary" time="0.114" /><testcase classname="tests.test_dispatch_lots_v2.TestDispatchLotsV2API" name="test_list_lots_empty" time="0.109" /><testcase classname="tests.test_dispatch_lots_v2.TestDispatchLotsV2API" name="test_list_lots_with_status_filter" time="0.128" /><testcase classname="tests.test_dispatch_lots_v2.TestDispatchLotsV2API" name="test_create_dispatch_lot" time="0.110" /><testcase classname="tests.test_dispatch_lots_v2.TestDispatchLotsV2API" name="test_create_lot_and_send_to_finance" time="0.365" /><testcase classname="tests.test_dispatch_lots_v2.TestDispatchLotsV2API" name="test_inventory_check" time="0.329" /><testcase classname="tests.test_dispatch_lots_v2.TestBuyerSKUHSNGST" name="test_update_buyer_sku_with_hsn_gst" time="0.255" /><testcase classname="tests.test_dispatch_lots_v2.TestDispatchLotsV2Workflow" name="test_full_workflow_draft_to_pending" time="0.576" /><testcase classname="tests.test_dispatch_lots_v2.TestDispatchLotsV2Workflow" name="test_delete_draft_lot" time="0.346" /></testsuite></testsuites>