<?xml version="1.0" encoding="utf-8"?><testsuites name="pytest tests"><testsuite name="pytest" errors="0" failures="0" skipped="1" tests="14" time="2.746" timestamp="2026-04-08T11:25:43.711624+00:00" hostname="agent-env-0a6a28be-88d0-4644-a695-e9956a767fed"><testcase classname="backend.tests.test_cpc_delete_schedule.TestDeleteSchedulePreview" name="test_preview_delete_returns_schedules" time="0.240" /><testcase classname="backend.tests.test_cpc_delete_schedule.TestDeleteSchedulePreview" name="test_preview_delete_invalid_month_format" time="0.107" /><testcase classname="backend.tests.test_cpc_delete_schedule.TestDeleteSchedulePreview" name="test_preview_delete_past_month_rejected" time="0.100" /><testcase classname="backend.tests.test_cpc_delete_schedule.TestDeleteSchedulePreview" name="test_preview_delete_missing_params" time="0.212" /><testcase classname="backend.tests.test_cpc_delete_schedule.TestBulkSoftDelete" name="test_bulk_soft_delete_success" time="0.476" /><testcase classname="backend.tests.test_cpc_delete_schedule.TestBulkSoftDelete" name="test_bulk_soft_delete_invalid_month" time="0.249" /><testcase classname="backend.tests.test_cpc_delete_schedule.TestBulkSoftDelete" name="test_bulk_soft_delete_past_month_rejected" time="0.221" /><testcase classname="backend.tests.test_cpc_delete_schedule.TestBulkSoftDelete" name="test_bulk_soft_delete_no_schedules" time="0.221" /><testcase classname="backend.tests.test_cpc_delete_schedule.TestDeletedSchedulesExclusion" name="test_deleted_schedules_excluded_from_list" time="0.133" /><testcase classname="backend.tests.test_cpc_delete_schedule.TestDeletedCompletions" name="test_deleted_completions_returns_data" time="0.097" /><testcase classname="backend.tests.test_cpc_delete_schedule.TestDeletedCompletions" name="test_deleted_completions_invalid_month" time="0.096" /><testcase classname="backend.tests.test_cpc_delete_schedule.TestDeletedCompletions" name="test_deleted_completions_missing_params" time="0.249" /><testcase classname="backend.tests.test_cpc_delete_schedule.TestBranchesCapacity" name="test_get_branch_capacities" time="0.118" /><testcase classname="backend.tests.test_cpc_delete_schedule.TestEndToEndDeleteFlow" name="test_complete_delete_flow" time="0.099"><skipped type="pytest.skip" message="Could not create test schedule: {&quot;id&quot;:&quot;bd7cc5d0-dd89-42c6-b178-013223cea07b&quot;,&quot;schedule_code&quot;:&quot;PS_202604_0102&quot;,&quot;dispatch_lot_id&quot;:null,&quot;branch&quot;:&quot;Unit 1 Vedica&quot;,&quot;sku_id&quot;:&quot;FC_KS_BE_115&quot;,&quot;sku_description&quot;:&quot;Firstcry - Kids Scooter Blaze&quot;,&quot;target_quantity&quot;:25,&quot;allocated_quantity&quot;:25,&quot;completed_quantity&quot;:0,&quot;target_date&quot;:&quot;2026-04-20T10:00:00&quot;,&quot;priority&quot;:&quot;LOW&quot;,&quot;status&quot;:&quot;SCHEDULED&quot;,&quot;notes&quot;:&quot;TEST_E2E_DELETE&quot;,&quot;created_at&quot;:&quot;2026-04-08T11:25:46.440566+00:00&quot;}">/app/backend/tests/test_cpc_delete_schedule.py:315: Could not create test schedule: {"id":"bd7cc5d0-dd89-42c6-b178-013223cea07b","schedule_code":"PS_202604_0102","dispatch_lot_id":null,"branch":"Unit 1 Vedica","sku_id":"FC_KS_BE_115","sku_description":"Firstcry - Kids Scooter Blaze","target_quantity":25,"allocated_quantity":25,"completed_quantity":0,"target_date":"2026-04-20T10:00:00","priority":"LOW","status":"SCHEDULED","notes":"TEST_E2E_DELETE","created_at":"2026-04-08T11:25:46.440566+00:00"}</skipped></testcase></testsuite></testsuites>