<?xml version="1.0" encoding="utf-8"?><testsuites name="pytest tests"><testsuite name="pytest" errors="0" failures="0" skipped="0" tests="21" time="4.947" timestamp="2026-03-07T07:56:24.278064+00:00" hostname="agent-env-3ce232f2-6c86-436e-bfbd-ad8310ce9db7"><testcase classname="backend.tests.test_sku_cascading_filters.TestSKUFilterOptions" name="test_get_filter_options_returns_200" time="0.221" /><testcase classname="backend.tests.test_sku_cascading_filters.TestSKUFilterOptions" name="test_filter_options_has_verticals" time="0.119" /><testcase classname="backend.tests.test_sku_cascading_filters.TestSKUFilterOptions" name="test_filter_options_has_models" time="0.134" /><testcase classname="backend.tests.test_sku_cascading_filters.TestSKUFilterOptions" name="test_filter_options_has_brands" time="0.105" /><testcase classname="backend.tests.test_sku_cascading_filters.TestSKUFilterOptions" name="test_verticals_include_expected_values" time="0.135" /><testcase classname="backend.tests.test_sku_cascading_filters.TestModelsByVertical" name="test_models_by_vertical_returns_200" time="0.099" /><testcase classname="backend.tests.test_sku_cascading_filters.TestModelsByVertical" name="test_models_by_vertical_returns_models_list" time="0.111" /><testcase classname="backend.tests.test_sku_cascading_filters.TestModelsByVertical" name="test_models_by_vertical_cascading_logic" time="0.224" /><testcase classname="backend.tests.test_sku_cascading_filters.TestModelsByVertical" name="test_models_by_vertical_missing_param" time="0.108" /><testcase classname="backend.tests.test_sku_cascading_filters.TestBrandsByVerticalModel" name="test_brands_by_vertical_returns_200" time="0.105" /><testcase classname="backend.tests.test_sku_cascading_filters.TestBrandsByVerticalModel" name="test_brands_by_vertical_returns_brands_list" time="0.136" /><testcase classname="backend.tests.test_sku_cascading_filters.TestBrandsByVerticalModel" name="test_brands_by_vertical_and_model" time="0.207" /><testcase classname="backend.tests.test_sku_cascading_filters.TestBrandsByVerticalModel" name="test_brands_cascading_logic" time="0.190" /><testcase classname="backend.tests.test_sku_cascading_filters.TestFilteredSKUs" name="test_filtered_skus_no_params_returns_all" time="0.145" /><testcase classname="backend.tests.test_sku_cascading_filters.TestFilteredSKUs" name="test_filtered_skus_by_vertical" time="0.109" /><testcase classname="backend.tests.test_sku_cascading_filters.TestFilteredSKUs" name="test_filtered_skus_by_vertical_and_model" time="0.208" /><testcase classname="backend.tests.test_sku_cascading_filters.TestFilteredSKUs" name="test_filtered_skus_by_all_filters" time="0.437" /><testcase classname="backend.tests.test_sku_cascading_filters.TestFilteredSKUs" name="test_filtered_skus_with_search" time="0.221" /><testcase classname="backend.tests.test_sku_cascading_filters.TestFilteredSKUs" name="test_filtered_skus_with_branch" time="0.101" /><testcase classname="backend.tests.test_sku_cascading_filters.TestCascadingFilterIntegration" name="test_full_cascading_workflow" time="0.394" /><testcase classname="backend.tests.test_sku_cascading_filters.TestCascadingFilterIntegration" name="test_sku_counts_match" time="1.314" /></testsuite></testsuites>