<?xml version="1.0" encoding="utf-8"?><testsuites name="pytest tests"><testsuite name="pytest" errors="0" failures="0" skipped="0" tests="13" time="2.075" timestamp="2026-04-05T10:32:18.930698+00:00" hostname="agent-env-0a6a28be-88d0-4644-a695-e9956a767fed"><testcase classname="backend.tests.test_rm_production_phase2.TestRMProductionPhase2" name="test_01_admin_login" time="0.184" /><testcase classname="backend.tests.test_rm_production_phase2.TestRMProductionPhase2" name="test_02_branch_ops_login" time="0.097" /><testcase classname="backend.tests.test_rm_production_phase2.TestRMProductionPhase2" name="test_03_get_manufacturable_rms" time="0.160" /><testcase classname="backend.tests.test_rm_production_phase2.TestRMProductionPhase2" name="test_04_get_manufacturable_rms_with_category_filter" time="0.151" /><testcase classname="backend.tests.test_rm_production_phase2.TestRMProductionPhase2" name="test_05_get_active_categories" time="0.162" /><testcase classname="backend.tests.test_rm_production_phase2.TestRMProductionPhase2" name="test_06_preview_production_no_bom" time="0.154" /><testcase classname="backend.tests.test_rm_production_phase2.TestRMProductionPhase2" name="test_07_preview_production_with_bom" time="0.145" /><testcase classname="backend.tests.test_rm_production_phase2.TestRMProductionPhase2" name="test_08_get_production_log" time="0.135" /><testcase classname="backend.tests.test_rm_production_phase2.TestRMProductionPhase2" name="test_09_get_production_log_with_filters" time="0.199" /><testcase classname="backend.tests.test_rm_production_phase2.TestRMProductionPhase2" name="test_10_get_production_summary" time="0.173" /><testcase classname="backend.tests.test_rm_production_phase2.TestRMProductionPhase2" name="test_11_get_consumption_report" time="0.143" /><testcase classname="backend.tests.test_rm_production_phase2.TestRMProductionPhase2" name="test_12_get_branches" time="0.145" /><testcase classname="backend.tests.test_rm_production_phase2.TestRMProductionPhase2" name="test_13_confirm_production_insufficient_stock" time="0.147" /></testsuite></testsuites>