<?xml version="1.0" encoding="utf-8"?><testsuites name="pytest tests"><testsuite name="pytest" errors="0" failures="0" skipped="0" tests="17" time="49.851" timestamp="2026-03-28T16:55:57.560902+00:00" hostname="agent-env-0a6a28be-88d0-4644-a695-e9956a767fed"><testcase classname="backend.tests.test_mrp_quick_filter_open_po.TestMRPQuickFilterAndOpenPO" name="test_weekly_plan_has_safety_stock_field" time="3.902" /><testcase classname="backend.tests.test_mrp_quick_filter_open_po.TestMRPQuickFilterAndOpenPO" name="test_weekly_plan_has_current_stock_field" time="3.514" /><testcase classname="backend.tests.test_mrp_quick_filter_open_po.TestMRPQuickFilterAndOpenPO" name="test_weekly_plan_has_scheduled_receipts_field" time="5.736" /><testcase classname="backend.tests.test_mrp_quick_filter_open_po.TestMRPQuickFilterAndOpenPO" name="test_weekly_plan_has_net_qty_field" time="3.381" /><testcase classname="backend.tests.test_mrp_quick_filter_open_po.TestMRPQuickFilterAndOpenPO" name="test_weekly_plan_has_order_qty_field" time="3.345" /><testcase classname="backend.tests.test_mrp_quick_filter_open_po.TestMRPQuickFilterAndOpenPO" name="test_weekly_plan_has_categories" time="3.424" /><testcase classname="backend.tests.test_mrp_quick_filter_open_po.TestMRPQuickFilterAndOpenPO" name="test_weekly_plan_has_vendor_name" time="3.508" /><testcase classname="backend.tests.test_mrp_quick_filter_open_po.TestMRPQuickFilterAndOpenPO" name="test_net_calculation_formula" time="3.504" /><testcase classname="backend.tests.test_mrp_quick_filter_open_po.TestMRPQuickFilterAndOpenPO" name="test_purchase_orders_exist" time="0.270" /><testcase classname="backend.tests.test_mrp_quick_filter_open_po.TestMRPQuickFilterAndOpenPO" name="test_weekly_plan_filter_by_type_common" time="3.372" /><testcase classname="backend.tests.test_mrp_quick_filter_open_po.TestMRPQuickFilterAndOpenPO" name="test_weekly_plan_filter_by_type_brand_specific" time="0.275" /><testcase classname="backend.tests.test_mrp_quick_filter_open_po.TestMRPQuickFilterAndOpenPO" name="test_week_has_summary" time="3.259" /><testcase classname="backend.tests.test_mrp_quick_filter_open_po.TestMRPQuickFilterAndOpenPO" name="test_item_has_all_display_fields" time="3.337" /><testcase classname="backend.tests.test_mrp_quick_filter_open_po.TestMRPQuickFilterAndOpenPO" name="test_mrp_run_has_summary" time="0.235" /><testcase classname="backend.tests.test_mrp_quick_filter_open_po.TestMRPQuickFilterAndOpenPO" name="test_categories_match_expected" time="3.525" /><testcase classname="backend.tests.test_mrp_quick_filter_open_po.TestMRPQuickFilterAndOpenPO" name="test_filtered_item_count" time="3.313" /><testcase classname="backend.tests.test_mrp_quick_filter_open_po.TestScheduledReceiptsBackend" name="test_calculate_weekly_mrp_endpoint" time="1.892" /></testsuite></testsuites>