<?xml version="1.0" encoding="utf-8"?><testsuites name="pytest tests"><testsuite name="pytest" errors="0" failures="0" skipped="0" tests="9" time="2.781" timestamp="2026-03-15T10:41:40.525187+00:00" hostname="agent-env-364b2c70-5f75-4bed-86ac-81ffe939069c"><testcase classname="backend.tests.test_cpc_excel_dispatch.TestCPCExcelDownload" name="test_download_demand_forecasts_excel" time="0.236" /><testcase classname="backend.tests.test_cpc_excel_dispatch.TestCPCExcelDownload" name="test_download_excel_file_structure" time="0.281" /><testcase classname="backend.tests.test_cpc_excel_dispatch.TestDispatchLotsWithForecastId" name="test_create_dispatch_lot_with_forecast_id" time="0.421" /><testcase classname="backend.tests.test_cpc_excel_dispatch.TestDispatchLotsWithForecastId" name="test_create_dispatch_lot_with_line_level_forecast_id" time="0.451" /><testcase classname="backend.tests.test_cpc_excel_dispatch.TestDispatchLotsWithForecastId" name="test_dispatch_lot_details_shows_forecast_id" time="0.549" /><testcase classname="backend.tests.test_cpc_excel_dispatch.TestDispatchLotsWithForecastId" name="test_dispatch_lot_without_forecast_id" time="0.394" /><testcase classname="backend.tests.test_cpc_excel_dispatch.TestCPCDemandForecastsAPI" name="test_get_demand_forecasts" time="0.100" /><testcase classname="backend.tests.test_cpc_excel_dispatch.TestCPCDemandForecastsAPI" name="test_get_demand_forecasts_summary" time="0.104" /><testcase classname="backend.tests.test_cpc_excel_dispatch.TestDispatchLotsLinkedToForecasts" name="test_forecast_shows_linked_dispatch_lots" time="0.136" /></testsuite></testsuites>